Line 44: Class ComctlLib.Slider of control HealthBar was not a loaded control class.
Line 140: Class ComctlLib.Slider of control HealthBar was not a loaded control class.
Line 154: Class ComctlLib.Slider of control HealthBar was not a loaded control class.
Line 168: Class ComctlLib.Slider of control HealthBar was not a loaded control class.
Line 51: The property name _ExtentX in HealthBar is invalid.
Line 52: The property name _ExtentY in HealthBar is invalid.
Line 53: The property name _Version in HealthBar is invalid.
Line 55: The property name Max in HealthBar is invalid.
Line 56: The property name TickFrequency in HealthBar is invalid.
Line 44: Property MouseIcon in HealthBar could not be set.
Line 147: The property name _ExtentX in HealthBar is invalid.
Line 148: The property name _ExtentY in HealthBar is invalid.
Line 149: The property name _Version in HealthBar is invalid.
Line 151: The property name Max in HealthBar is invalid.
Line 152: The property name TickFrequency in HealthBar is invalid.
Line 140: Property MouseIcon in HealthBar could not be set.
Line 161: The property name _ExtentX in HealthBar is invalid.
Line 162: The property name _ExtentY in HealthBar is invalid.
Line 163: The property name _Version in HealthBar is invalid.
Line 165: The property name Max in HealthBar is invalid.
Line 166: The property name TickFrequency in HealthBar is invalid.
Line 154: Property MouseIcon in HealthBar could not be set.
Line 175: The property name _ExtentX in HealthBar is invalid.
Line 176: The property name _ExtentY in HealthBar is invalid.
Line 177: The property name _Version in HealthBar is invalid.
Line 179: The property name Max in HealthBar is invalid.
Line 180: The property name TickFrequency in HealthBar is invalid.
Line 168: Property MouseIcon in HealthBar could not be set.
Line 51: The property name _ExtentX in HealthBar is invalid.
Line 52: The property name _ExtentY in HealthBar is invalid.
Line 53: The property name _Version in HealthBar is invalid.
Line 55: The property name Max in HealthBar is invalid.
Line 56: The property name TickFrequency in HealthBar is invalid.
Line 44: Property MouseIcon in HealthBar could not be set.
Line 147: The property name _ExtentX in HealthBar is invalid.
Line 148: The property name _ExtentY in HealthBar is invalid.
Line 149: The property name _Version in HealthBar is invalid.
Line 151: The property name Max in HealthBar is invalid.
Line 152: The property name TickFrequency in HealthBar is invalid.
Line 140: Property MouseIcon in HealthBar could not be set.
Line 161: The property name _ExtentX in HealthBar is invalid.
Line 162: The property name _ExtentY in HealthBar is invalid.
Line 163: The property name _Version in HealthBar is invalid.
Line 165: The property name Max in HealthBar is invalid.
Line 166: The property name TickFrequency in HealthBar is invalid.
Line 154: Property MouseIcon in HealthBar could not be set.
Line 175: The property name _ExtentX in HealthBar is invalid.
Line 176: The property name _ExtentY in HealthBar is invalid.
Line 177: The property name _Version in HealthBar is invalid.
Line 179: The property name Max in HealthBar is invalid.
Line 180: The property name TickFrequency in HealthBar is invalid.
Line 168: Property MouseIcon in HealthBar could not be set.
